<?xml version="1.0" encoding="UTF-8"?>
<testng-results ignored="0" total="9" passed="9" failed="0" skipped="0">
  <reporter-output>
  </reporter-output>
  <suite started-at="2025-06-28T11:53:28 GMT" name="vendor-portal" finished-at="2025-06-28T11:53:37 GMT" duration-ms="9386">
    <groups>
    </groups>
    <test started-at="2025-06-28T11:53:28 GMT" name="user-sam" finished-at="2025-06-28T11:53:36 GMT" duration-ms="8285">
      <class name="com.learndocker.tests.vendorportal.VendorPortalTest">
        <test-method is-config="true" signature="setDriver(org.testng.ITestContext)[pri:0, instance:com.learndocker.tests.vendorportal.VendorPortalTest@4eaf3684]" started-at="2025-06-28T11:53:28 GMT" name="setDriver" finished-at="2025-06-28T11:53:32 GMT" duration-ms="3459" status="PASS">
          <params>
            <param index="0">
              <value>
                <![CDATA[org.testng.TestRunner@4b79ac84]]>
              </value>
            </param>
          </params>
          <reporter-output>
          </reporter-output>
        </test-method> <!-- setDriver -->
        <test-method is-config="true" signature="start(java.lang.String)[pri:0, instance:com.learndocker.tests.vendorportal.VendorPortalTest@4eaf3684]" started-at="2025-06-28T11:53:32 GMT" name="start" finished-at="2025-06-28T11:53:32 GMT" depends-on-methods="com.learndocker.tests.BaseTest.setDriver" duration-ms="262" status="PASS">
          <params>
            <param index="0">
              <value>
                <![CDATA[test-data/vendor-portal/sam.json]]>
              </value>
            </param>
          </params>
          <reporter-output>
          </reporter-output>
        </test-method> <!-- start -->
        <test-method signature="loginTest()[pri:0, instance:com.learndocker.tests.vendorportal.VendorPortalTest@4eaf3684]" started-at="2025-06-28T11:53:32 GMT" name="loginTest" finished-at="2025-06-28T11:53:33 GMT" duration-ms="1306" status="PASS">
          <reporter-output>
          </reporter-output>
        </test-method> <!-- loginTest -->
        <test-method signature="dashboardTest()[pri:0, instance:com.learndocker.tests.vendorportal.VendorPortalTest@4eaf3684]" started-at="2025-06-28T11:53:33 GMT" name="dashboardTest" finished-at="2025-06-28T11:53:35 GMT" depends-on-methods="com.learndocker.tests.vendorportal.VendorPortalTest.loginTest" duration-ms="1606" status="PASS">
          <reporter-output>
          </reporter-output>
        </test-method> <!-- dashboardTest -->
        <test-method signature="logOutTest()[pri:0, instance:com.learndocker.tests.vendorportal.VendorPortalTest@4eaf3684]" started-at="2025-06-28T11:53:35 GMT" name="logOutTest" finished-at="2025-06-28T11:53:36 GMT" depends-on-methods="com.learndocker.tests.vendorportal.VendorPortalTest.dashboardTest" duration-ms="1522" status="PASS">
          <reporter-output>
          </reporter-output>
        </test-method> <!-- logOutTest -->
        <test-method is-config="true" signature="quit()[pri:0, instance:com.learndocker.tests.vendorportal.VendorPortalTest@4eaf3684]" started-at="2025-06-28T11:53:36 GMT" name="quit" finished-at="2025-06-28T11:53:36 GMT" duration-ms="97" status="PASS">
          <reporter-output>
          </reporter-output>
        </test-method> <!-- quit -->
      </class> <!-- com.learndocker.tests.vendorportal.VendorPortalTest -->
    </test> <!-- user-sam -->
    <test started-at="2025-06-28T11:53:28 GMT" name="user-mike" finished-at="2025-06-28T11:53:37 GMT" duration-ms="8985">
      <class name="com.learndocker.tests.vendorportal.VendorPortalTest">
        <test-method is-config="true" signature="setDriver(org.testng.ITestContext)[pri:0, instance:com.learndocker.tests.vendorportal.VendorPortalTest@436c81a3]" started-at="2025-06-28T11:53:28 GMT" name="setDriver" finished-at="2025-06-28T11:53:32 GMT" duration-ms="3459" status="PASS">
          <params>
            <param index="0">
              <value>
                <![CDATA[org.testng.TestRunner@53941c2f]]>
              </value>
            </param>
          </params>
          <reporter-output>
          </reporter-output>
        </test-method> <!-- setDriver -->
        <test-method is-config="true" signature="start(java.lang.String)[pri:0, instance:com.learndocker.tests.vendorportal.VendorPortalTest@436c81a3]" started-at="2025-06-28T11:53:32 GMT" name="start" finished-at="2025-06-28T11:53:32 GMT" depends-on-methods="com.learndocker.tests.BaseTest.setDriver" duration-ms="262" status="PASS">
          <params>
            <param index="0">
              <value>
                <![CDATA[test-data/vendor-portal/mike.json]]>
              </value>
            </param>
          </params>
          <reporter-output>
          </reporter-output>
        </test-method> <!-- start -->
        <test-method signature="loginTest()[pri:0, instance:com.learndocker.tests.vendorportal.VendorPortalTest@436c81a3]" started-at="2025-06-28T11:53:32 GMT" name="loginTest" finished-at="2025-06-28T11:53:33 GMT" duration-ms="1310" status="PASS">
          <reporter-output>
          </reporter-output>
        </test-method> <!-- loginTest -->
        <test-method signature="dashboardTest()[pri:0, instance:com.learndocker.tests.vendorportal.VendorPortalTest@436c81a3]" started-at="2025-06-28T11:53:33 GMT" name="dashboardTest" finished-at="2025-06-28T11:53:35 GMT" depends-on-methods="com.learndocker.tests.vendorportal.VendorPortalTest.loginTest" duration-ms="2320" status="PASS">
          <reporter-output>
          </reporter-output>
        </test-method> <!-- dashboardTest -->
        <test-method signature="logOutTest()[pri:0, instance:com.learndocker.tests.vendorportal.VendorPortalTest@436c81a3]" started-at="2025-06-28T11:53:35 GMT" name="logOutTest" finished-at="2025-06-28T11:53:37 GMT" depends-on-methods="com.learndocker.tests.vendorportal.VendorPortalTest.dashboardTest" duration-ms="1524" status="PASS">
          <reporter-output>
          </reporter-output>
        </test-method> <!-- logOutTest -->
        <test-method is-config="true" signature="quit()[pri:0, instance:com.learndocker.tests.vendorportal.VendorPortalTest@436c81a3]" started-at="2025-06-28T11:53:37 GMT" name="quit" finished-at="2025-06-28T11:53:37 GMT" duration-ms="81" status="PASS">
          <reporter-output>
          </reporter-output>
        </test-method> <!-- quit -->
      </class> <!-- com.learndocker.tests.vendorportal.VendorPortalTest -->
    </test> <!-- user-mike -->
    <test started-at="2025-06-28T11:53:28 GMT" name="user-john" finished-at="2025-06-28T11:53:37 GMT" duration-ms="9386">
      <class name="com.learndocker.tests.vendorportal.VendorPortalTest">
        <test-method is-config="true" signature="initialize()[pri:0, instance:com.learndocker.tests.vendorportal.VendorPortalTest@59e32960]" started-at="2025-06-28T11:53:28 GMT" name="initialize" finished-at="2025-06-28T11:53:28 GMT" duration-ms="21" status="PASS">
          <reporter-output>
          </reporter-output>
        </test-method> <!-- initialize -->
        <test-method is-config="true" signature="setDriver(org.testng.ITestContext)[pri:0, instance:com.learndocker.tests.vendorportal.VendorPortalTest@59e32960]" started-at="2025-06-28T11:53:28 GMT" name="setDriver" finished-at="2025-06-28T11:53:32 GMT" duration-ms="3459" status="PASS">
          <params>
            <param index="0">
              <value>
                <![CDATA[org.testng.TestRunner@6dab9b6d]]>
              </value>
            </param>
          </params>
          <reporter-output>
          </reporter-output>
        </test-method> <!-- setDriver -->
        <test-method is-config="true" signature="start(java.lang.String)[pri:0, instance:com.learndocker.tests.vendorportal.VendorPortalTest@59e32960]" started-at="2025-06-28T11:53:32 GMT" name="start" finished-at="2025-06-28T11:53:32 GMT" depends-on-methods="com.learndocker.tests.BaseTest.setDriver" duration-ms="262" status="PASS">
          <params>
            <param index="0">
              <value>
                <![CDATA[test-data/vendor-portal/john.json]]>
              </value>
            </param>
          </params>
          <reporter-output>
          </reporter-output>
        </test-method> <!-- start -->
        <test-method signature="loginTest()[pri:0, instance:com.learndocker.tests.vendorportal.VendorPortalTest@59e32960]" started-at="2025-06-28T11:53:32 GMT" name="loginTest" finished-at="2025-06-28T11:53:33 GMT" duration-ms="1309" status="PASS">
          <reporter-output>
          </reporter-output>
        </test-method> <!-- loginTest -->
        <test-method signature="dashboardTest()[pri:0, instance:com.learndocker.tests.vendorportal.VendorPortalTest@59e32960]" started-at="2025-06-28T11:53:33 GMT" name="dashboardTest" finished-at="2025-06-28T11:53:36 GMT" depends-on-methods="com.learndocker.tests.vendorportal.VendorPortalTest.loginTest" duration-ms="2715" status="PASS">
          <reporter-output>
          </reporter-output>
        </test-method> <!-- dashboardTest -->
        <test-method signature="logOutTest()[pri:0, instance:com.learndocker.tests.vendorportal.VendorPortalTest@59e32960]" started-at="2025-06-28T11:53:36 GMT" name="logOutTest" finished-at="2025-06-28T11:53:37 GMT" depends-on-methods="com.learndocker.tests.vendorportal.VendorPortalTest.dashboardTest" duration-ms="1522" status="PASS">
          <reporter-output>
          </reporter-output>
        </test-method> <!-- logOutTest -->
        <test-method is-config="true" signature="quit()[pri:0, instance:com.learndocker.tests.vendorportal.VendorPortalTest@59e32960]" started-at="2025-06-28T11:53:37 GMT" name="quit" finished-at="2025-06-28T11:53:37 GMT" duration-ms="89" status="PASS">
          <reporter-output>
          </reporter-output>
        </test-method> <!-- quit -->
      </class> <!-- com.learndocker.tests.vendorportal.VendorPortalTest -->
    </test> <!-- user-john -->
  </suite> <!-- vendor-portal -->
</testng-results>
